[INFO 2023-04-06 00:23:32] werkzeug:_internal:224  127.0.0.1 - - [06/Apr/2023 00:23:32] "POST / HTTP/1.1" 200 -
[INFO 2023-04-06 00:35:32] werkzeug:_internal:224  [31m[1mWARNING: This is a development server. Do not use it in a production deployment. Use a production WSGI server instead.[0m
 * Running on http://127.0.0.1:5000
[INFO 2023-04-06 00:35:32] werkzeug:_internal:224  [33mPress CTRL+C to quit[0m
[INFO 2023-04-06 00:35:41] module.helpers:helpers:15  Начало
[ERROR 2023-04-06 00:37:13] module.file_readers:file_readers:312  Write to Excel:row=386 col=0 value=<xlwt.ExcelFormula.Formula object at 0x7f6df31a2380>
Traceback (most recent call last):
  File "/home/chip/work/web-alfin/alfin/module/file_readers.py", line 308, in write
    self.sheet.write(row, col, value)
  File "/home/chip/.local/share/virtualenvs/web-alfin-YiXjnPBd/lib/python3.8/site-packages/xlwt/Worksheet.py", line 1088, in write
    self.row(r).write(c, label, style)
  File "/home/chip/.local/share/virtualenvs/web-alfin-YiXjnPBd/lib/python3.8/site-packages/xlwt/Row.py", line 250, in write
    self.insert_cell(col, FormulaCell(self.__idx, col, style_index, label))
  File "/home/chip/.local/share/virtualenvs/web-alfin-YiXjnPBd/lib/python3.8/site-packages/xlwt/Row.py", line 154, in insert_cell
    raise Exception(msg)
Exception: Attempt to overwrite cell: sheetname='Резервы' rowx=386 colx=0
[ERROR 2023-04-06 00:37:13] module.file_readers:file_readers:312  Write to Excel:row=386 col=1 value=<xlwt.ExcelFormula.Formula object at 0x7f6df31a2380>
Traceback (most recent call last):
  File "/home/chip/work/web-alfin/alfin/module/file_readers.py", line 308, in write
    self.sheet.write(row, col, value)
  File "/home/chip/.local/share/virtualenvs/web-alfin-YiXjnPBd/lib/python3.8/site-packages/xlwt/Worksheet.py", line 1088, in write
    self.row(r).write(c, label, style)
  File "/home/chip/.local/share/virtualenvs/web-alfin-YiXjnPBd/lib/python3.8/site-packages/xlwt/Row.py", line 250, in write
    self.insert_cell(col, FormulaCell(self.__idx, col, style_index, label))
  File "/home/chip/.local/share/virtualenvs/web-alfin-YiXjnPBd/lib/python3.8/site-packages/xlwt/Row.py", line 154, in insert_cell
    raise Exception(msg)
Exception: Attempt to overwrite cell: sheetname='Резервы' rowx=386 colx=1
[ERROR 2023-04-06 00:37:13] module.file_readers:file_readers:312  Write to Excel:row=386 col=2 value=<xlwt.ExcelFormula.Formula object at 0x7f6df31a2380>
Traceback (most recent call last):
  File "/home/chip/work/web-alfin/alfin/module/file_readers.py", line 308, in write
    self.sheet.write(row, col, value)
  File "/home/chip/.local/share/virtualenvs/web-alfin-YiXjnPBd/lib/python3.8/site-packages/xlwt/Worksheet.py", line 1088, in write
    self.row(r).write(c, label, style)
  File "/home/chip/.local/share/virtualenvs/web-alfin-YiXjnPBd/lib/python3.8/site-packages/xlwt/Row.py", line 250, in write
    self.insert_cell(col, FormulaCell(self.__idx, col, style_index, label))
  File "/home/chip/.local/share/virtualenvs/web-alfin-YiXjnPBd/lib/python3.8/site-packages/xlwt/Row.py", line 154, in insert_cell
    raise Exception(msg)
Exception: Attempt to overwrite cell: sheetname='Резервы' rowx=386 colx=2
[ERROR 2023-04-06 00:37:13] module.file_readers:file_readers:312  Write to Excel:row=386 col=3 value=<xlwt.ExcelFormula.Formula object at 0x7f6df31a2380>
Traceback (most recent call last):
  File "/home/chip/work/web-alfin/alfin/module/file_readers.py", line 306, in write
    self.sheet.write(row, col, value, style=style)
  File "/home/chip/.local/share/virtualenvs/web-alfin-YiXjnPBd/lib/python3.8/site-packages/xlwt/Worksheet.py", line 1088, in write
    self.row(r).write(c, label, style)
  File "/home/chip/.local/share/virtualenvs/web-alfin-YiXjnPBd/lib/python3.8/site-packages/xlwt/Row.py", line 250, in write
    self.insert_cell(col, FormulaCell(self.__idx, col, style_index, label))
  File "/home/chip/.local/share/virtualenvs/web-alfin-YiXjnPBd/lib/python3.8/site-packages/xlwt/Row.py", line 154, in insert_cell
    raise Exception(msg)
Exception: Attempt to overwrite cell: sheetname='Резервы' rowx=386 colx=3
[ERROR 2023-04-06 00:37:13] module.file_readers:file_readers:312  Write to Excel:row=386 col=4 value=<xlwt.ExcelFormula.Formula object at 0x7f6df31a2380>
Traceback (most recent call last):
  File "/home/chip/work/web-alfin/alfin/module/file_readers.py", line 306, in write
    self.sheet.write(row, col, value, style=style)
  File "/home/chip/.local/share/virtualenvs/web-alfin-YiXjnPBd/lib/python3.8/site-packages/xlwt/Worksheet.py", line 1088, in write
    self.row(r).write(c, label, style)
  File "/home/chip/.local/share/virtualenvs/web-alfin-YiXjnPBd/lib/python3.8/site-packages/xlwt/Row.py", line 250, in write
    self.insert_cell(col, FormulaCell(self.__idx, col, style_index, label))
  File "/home/chip/.local/share/virtualenvs/web-alfin-YiXjnPBd/lib/python3.8/site-packages/xlwt/Row.py", line 154, in insert_cell
    raise Exception(msg)
Exception: Attempt to overwrite cell: sheetname='Резервы' rowx=386 colx=4
[ERROR 2023-04-06 00:37:13] module.file_readers:file_readers:312  Write to Excel:row=386 col=5 value=<xlwt.ExcelFormula.Formula object at 0x7f6df31a2380>
Traceback (most recent call last):
  File "/home/chip/work/web-alfin/alfin/module/file_readers.py", line 306, in write
    self.sheet.write(row, col, value, style=style)
  File "/home/chip/.local/share/virtualenvs/web-alfin-YiXjnPBd/lib/python3.8/site-packages/xlwt/Worksheet.py", line 1088, in write
    self.row(r).write(c, label, style)
  File "/home/chip/.local/share/virtualenvs/web-alfin-YiXjnPBd/lib/python3.8/site-packages/xlwt/Row.py", line 250, in write
    self.insert_cell(col, FormulaCell(self.__idx, col, style_index, label))
  File "/home/chip/.local/share/virtualenvs/web-alfin-YiXjnPBd/lib/python3.8/site-packages/xlwt/Row.py", line 154, in insert_cell
    raise Exception(msg)
Exception: Attempt to overwrite cell: sheetname='Резервы' rowx=386 colx=5
[ERROR 2023-04-06 00:37:13] module.file_readers:file_readers:312  Write to Excel:row=386 col=6 value=<xlwt.ExcelFormula.Formula object at 0x7f6df31a2380>
Traceback (most recent call last):
  File "/home/chip/work/web-alfin/alfin/module/file_readers.py", line 306, in write
    self.sheet.write(row, col, value, style=style)
  File "/home/chip/.local/share/virtualenvs/web-alfin-YiXjnPBd/lib/python3.8/site-packages/xlwt/Worksheet.py", line 1088, in write
    self.row(r).write(c, label, style)
  File "/home/chip/.local/share/virtualenvs/web-alfin-YiXjnPBd/lib/python3.8/site-packages/xlwt/Row.py", line 250, in write
    self.insert_cell(col, FormulaCell(self.__idx, col, style_index, label))
  File "/home/chip/.local/share/virtualenvs/web-alfin-YiXjnPBd/lib/python3.8/site-packages/xlwt/Row.py", line 154, in insert_cell
    raise Exception(msg)
Exception: Attempt to overwrite cell: sheetname='Резервы' rowx=386 colx=6
[ERROR 2023-04-06 00:37:13] module.file_readers:file_readers:312  Write to Excel:row=386 col=7 value=<xlwt.ExcelFormula.Formula object at 0x7f6df31a2380>
Traceback (most recent call last):
  File "/home/chip/work/web-alfin/alfin/module/file_readers.py", line 306, in write
    self.sheet.write(row, col, value, style=style)
  File "/home/chip/.local/share/virtualenvs/web-alfin-YiXjnPBd/lib/python3.8/site-packages/xlwt/Worksheet.py", line 1088, in write
    self.row(r).write(c, label, style)
  File "/home/chip/.local/share/virtualenvs/web-alfin-YiXjnPBd/lib/python3.8/site-packages/xlwt/Row.py", line 250, in write
    self.insert_cell(col, FormulaCell(self.__idx, col, style_index, label))
  File "/home/chip/.local/share/virtualenvs/web-alfin-YiXjnPBd/lib/python3.8/site-packages/xlwt/Row.py", line 154, in insert_cell
    raise Exception(msg)
Exception: Attempt to overwrite cell: sheetname='Резервы' rowx=386 colx=7
[INFO 2023-04-06 00:37:14] module.helpers:helpers:20  Завершено (0:01:32.495077)
[INFO 2023-04-06 00:37:14] werkzeug:_internal:224  127.0.0.1 - - [06/Apr/2023 00:37:14] "POST / HTTP/1.1" 200 -
[INFO 2023-04-06 00:39:49] werkzeug:_internal:224  [31m[1mWARNING: This is a development server. Do not use it in a production deployment. Use a production WSGI server instead.[0m
 * Running on http://127.0.0.1:5000
[INFO 2023-04-06 00:39:49] werkzeug:_internal:224  [33mPress CTRL+C to quit[0m
[INFO 2023-04-06 00:39:55] module.helpers:helpers:15  Начало
[ERROR 2023-04-06 00:41:28] module.file_readers:file_readers:312  Write to Excel:row=386 col=0 value=<xlwt.ExcelFormula.Formula object at 0x7f4129de37c0>
Traceback (most recent call last):
  File "/home/chip/work/web-alfin/alfin/module/file_readers.py", line 308, in write
    self.sheet.write(row, col, value)
  File "/home/chip/.local/share/virtualenvs/web-alfin-YiXjnPBd/lib/python3.8/site-packages/xlwt/Worksheet.py", line 1088, in write
    self.row(r).write(c, label, style)
  File "/home/chip/.local/share/virtualenvs/web-alfin-YiXjnPBd/lib/python3.8/site-packages/xlwt/Row.py", line 250, in write
    self.insert_cell(col, FormulaCell(self.__idx, col, style_index, label))
  File "/home/chip/.local/share/virtualenvs/web-alfin-YiXjnPBd/lib/python3.8/site-packages/xlwt/Row.py", line 154, in insert_cell
    raise Exception(msg)
Exception: Attempt to overwrite cell: sheetname='Резервы' rowx=386 colx=0
[ERROR 2023-04-06 00:41:28] module.file_readers:file_readers:312  Write to Excel:row=386 col=1 value=<xlwt.ExcelFormula.Formula object at 0x7f41273bd3c0>
Traceback (most recent call last):
  File "/home/chip/work/web-alfin/alfin/module/file_readers.py", line 308, in write
    self.sheet.write(row, col, value)
  File "/home/chip/.local/share/virtualenvs/web-alfin-YiXjnPBd/lib/python3.8/site-packages/xlwt/Worksheet.py", line 1088, in write
    self.row(r).write(c, label, style)
  File "/home/chip/.local/share/virtualenvs/web-alfin-YiXjnPBd/lib/python3.8/site-packages/xlwt/Row.py", line 250, in write
    self.insert_cell(col, FormulaCell(self.__idx, col, style_index, label))
  File "/home/chip/.local/share/virtualenvs/web-alfin-YiXjnPBd/lib/python3.8/site-packages/xlwt/Row.py", line 154, in insert_cell
    raise Exception(msg)
Exception: Attempt to overwrite cell: sheetname='Резервы' rowx=386 colx=1
[ERROR 2023-04-06 00:41:28] module.file_readers:file_readers:312  Write to Excel:row=386 col=2 value=<xlwt.ExcelFormula.Formula object at 0x7f41273bd3c0>
Traceback (most recent call last):
  File "/home/chip/work/web-alfin/alfin/module/file_readers.py", line 308, in write
    self.sheet.write(row, col, value)
  File "/home/chip/.local/share/virtualenvs/web-alfin-YiXjnPBd/lib/python3.8/site-packages/xlwt/Worksheet.py", line 1088, in write
    self.row(r).write(c, label, style)
  File "/home/chip/.local/share/virtualenvs/web-alfin-YiXjnPBd/lib/python3.8/site-packages/xlwt/Row.py", line 250, in write
    self.insert_cell(col, FormulaCell(self.__idx, col, style_index, label))
  File "/home/chip/.local/share/virtualenvs/web-alfin-YiXjnPBd/lib/python3.8/site-packages/xlwt/Row.py", line 154, in insert_cell
    raise Exception(msg)
Exception: Attempt to overwrite cell: sheetname='Резервы' rowx=386 colx=2
[ERROR 2023-04-06 00:41:28] module.file_readers:file_readers:312  Write to Excel:row=386 col=3 value=<xlwt.ExcelFormula.Formula object at 0x7f41273bd3c0>
Traceback (most recent call last):
  File "/home/chip/work/web-alfin/alfin/module/file_readers.py", line 306, in write
    self.sheet.write(row, col, value, style=style)
  File "/home/chip/.local/share/virtualenvs/web-alfin-YiXjnPBd/lib/python3.8/site-packages/xlwt/Worksheet.py", line 1088, in write
    self.row(r).write(c, label, style)
  File "/home/chip/.local/share/virtualenvs/web-alfin-YiXjnPBd/lib/python3.8/site-packages/xlwt/Row.py", line 250, in write
    self.insert_cell(col, FormulaCell(self.__idx, col, style_index, label))
  File "/home/chip/.local/share/virtualenvs/web-alfin-YiXjnPBd/lib/python3.8/site-packages/xlwt/Row.py", line 154, in insert_cell
    raise Exception(msg)
Exception: Attempt to overwrite cell: sheetname='Резервы' rowx=386 colx=3
[ERROR 2023-04-06 00:41:28] module.file_readers:file_readers:312  Write to Excel:row=386 col=4 value=<xlwt.ExcelFormula.Formula object at 0x7f41273bd3c0>
Traceback (most recent call last):
  File "/home/chip/work/web-alfin/alfin/module/file_readers.py", line 306, in write
    self.sheet.write(row, col, value, style=style)
  File "/home/chip/.local/share/virtualenvs/web-alfin-YiXjnPBd/lib/python3.8/site-packages/xlwt/Worksheet.py", line 1088, in write
    self.row(r).write(c, label, style)
  File "/home/chip/.local/share/virtualenvs/web-alfin-YiXjnPBd/lib/python3.8/site-packages/xlwt/Row.py", line 250, in write
    self.insert_cell(col, FormulaCell(self.__idx, col, style_index, label))
  File "/home/chip/.local/share/virtualenvs/web-alfin-YiXjnPBd/lib/python3.8/site-packages/xlwt/Row.py", line 154, in insert_cell
    raise Exception(msg)
Exception: Attempt to overwrite cell: sheetname='Резервы' rowx=386 colx=4
[ERROR 2023-04-06 00:41:28] module.file_readers:file_readers:312  Write to Excel:row=386 col=5 value=<xlwt.ExcelFormula.Formula object at 0x7f41273bd3c0>
Traceback (most recent call last):
  File "/home/chip/work/web-alfin/alfin/module/file_readers.py", line 306, in write
    self.sheet.write(row, col, value, style=style)
  File "/home/chip/.local/share/virtualenvs/web-alfin-YiXjnPBd/lib/python3.8/site-packages/xlwt/Worksheet.py", line 1088, in write
    self.row(r).write(c, label, style)
  File "/home/chip/.local/share/virtualenvs/web-alfin-YiXjnPBd/lib/python3.8/site-packages/xlwt/Row.py", line 250, in write
    self.insert_cell(col, FormulaCell(self.__idx, col, style_index, label))
  File "/home/chip/.local/share/virtualenvs/web-alfin-YiXjnPBd/lib/python3.8/site-packages/xlwt/Row.py", line 154, in insert_cell
    raise Exception(msg)
Exception: Attempt to overwrite cell: sheetname='Резервы' rowx=386 colx=5
[ERROR 2023-04-06 00:41:28] module.file_readers:file_readers:312  Write to Excel:row=386 col=6 value=<xlwt.ExcelFormula.Formula object at 0x7f41273bd3c0>
Traceback (most recent call last):
  File "/home/chip/work/web-alfin/alfin/module/file_readers.py", line 306, in write
    self.sheet.write(row, col, value, style=style)
  File "/home/chip/.local/share/virtualenvs/web-alfin-YiXjnPBd/lib/python3.8/site-packages/xlwt/Worksheet.py", line 1088, in write
    self.row(r).write(c, label, style)
  File "/home/chip/.local/share/virtualenvs/web-alfin-YiXjnPBd/lib/python3.8/site-packages/xlwt/Row.py", line 250, in write
    self.insert_cell(col, FormulaCell(self.__idx, col, style_index, label))
  File "/home/chip/.local/share/virtualenvs/web-alfin-YiXjnPBd/lib/python3.8/site-packages/xlwt/Row.py", line 154, in insert_cell
    raise Exception(msg)
Exception: Attempt to overwrite cell: sheetname='Резервы' rowx=386 colx=6
[ERROR 2023-04-06 00:41:28] module.file_readers:file_readers:312  Write to Excel:row=386 col=7 value=<xlwt.ExcelFormula.Formula object at 0x7f41273bd3c0>
Traceback (most recent call last):
  File "/home/chip/work/web-alfin/alfin/module/file_readers.py", line 306, in write
    self.sheet.write(row, col, value, style=style)
  File "/home/chip/.local/share/virtualenvs/web-alfin-YiXjnPBd/lib/python3.8/site-packages/xlwt/Worksheet.py", line 1088, in write
    self.row(r).write(c, label, style)
  File "/home/chip/.local/share/virtualenvs/web-alfin-YiXjnPBd/lib/python3.8/site-packages/xlwt/Row.py", line 250, in write
    self.insert_cell(col, FormulaCell(self.__idx, col, style_index, label))
  File "/home/chip/.local/share/virtualenvs/web-alfin-YiXjnPBd/lib/python3.8/site-packages/xlwt/Row.py", line 154, in insert_cell
    raise Exception(msg)
Exception: Attempt to overwrite cell: sheetname='Резервы' rowx=386 colx=7
[INFO 2023-04-06 00:41:29] module.helpers:helpers:20  Завершено (0:01:33.729105)
[INFO 2023-04-06 00:41:29] werkzeug:_internal:224  127.0.0.1 - - [06/Apr/2023 00:41:29] "POST / HTTP/1.1" 200 -
